<?xml version="1.0" encoding="UTF-8"?>
<!-- Generated by org.testng.reporters.JUnitReportReporter -->
<testsuite skipped="0" hostname="MDRMM-98NJPN2" name="com.maximus.crm.runners.CukesRunner" tests="1" failures="0" timestamp="17 Jul 2018 23:18:11 GMT" time="9.386" errors="0">
  <testcase name="runScenario" time="9.386" classname="com.maximus.crm.runners.CukesRunner"/>
</testsuite> <!-- com.maximus.crm.runners.CukesRunner -->
